2017-01-30 14:58:26,476: DEBUG: Workflow DSC created with 2 sections: DSC_1, DSC_2
2017-01-30 14:58:26,560: INFO: Executing ``DSC_1 (DSC sequence 1)``: 
2017-01-30 14:58:26,562: INFO: input:    ``[]``
2017-01-30 14:58:26,562: DEBUG: _input: ``[]``
2017-01-30 14:58:26,578: DEBUG: Workflow simulate created with 1 sections: simulate_1
2017-01-30 14:58:26,579: DEBUG: Workflow shrink created with 1 sections: shrink_1
2017-01-30 14:58:26,579: DEBUG: Workflow beta_score created with 1 sections: beta_score_1
2017-01-30 14:58:26,579: INFO: Executing workflow ``simulate:1+shrink:1+beta_score:1`` with input ``[]``
2017-01-30 14:58:26,588: DEBUG: Args output_files[_index]
 cannot be determined: name 'output_files' is not defined
2017-01-30 14:58:26,590: DEBUG: Input of step shrink_1 is set to Undertermined: name 'sequence_id' is not defined
2017-01-30 14:58:26,590: DEBUG: Args output_files[_index]
 cannot be determined: name 'output_files' is not defined
2017-01-30 14:58:26,592: DEBUG: Input of step beta_score_1 is set to Undertermined: name 'sequence_id' is not defined
2017-01-30 14:58:26,593: DEBUG: Args output_files[_index]
 cannot be determined: name 'output_files' is not defined
2017-01-30 14:58:26,602: INFO: Executing ``simulate_1 (datamaker.R)``: 
2017-01-30 14:58:26,606: INFO: simulate_1 (datamaker.R) input:    ``[]``
2017-01-30 14:58:26,607: DEBUG: simulate_1 (datamaker.R) _input: ``[]``
2017-01-30 14:58:26,668: DEBUG: simulate_1 (datamaker.R) _input: ``[]``
2017-01-30 14:58:26,678: DEBUG: simulate_1 (datamaker.R) _input: ``[]``
2017-01-30 14:58:26,680: DEBUG: simulate_1 (datamaker.R) _input: ``[]``
2017-01-30 14:58:26,684: DEBUG: simulate_1 (datamaker.R) _input: ``[]``
2017-01-30 14:58:26,692: DEBUG: simulate_1 (datamaker.R) _input: ``[]``
2017-01-30 14:58:26,692: DEBUG: Script for step simulate_1 is saved to /Users/weiwang/HG/dsc2/vignettes/ash/.sos/simulate_1_0.R
2017-01-30 14:58:26,694: DEBUG: Script for step simulate_1 is saved to /Users/weiwang/HG/dsc2/vignettes/ash/.sos/simulate_1_1.R
2017-01-30 14:58:26,695: DEBUG: simulate_1 (datamaker.R) _input: ``[]``
2017-01-30 14:58:26,698: DEBUG: Script for step simulate_1 is saved to /Users/weiwang/HG/dsc2/vignettes/ash/.sos/simulate_1_2.R
2017-01-30 14:58:26,699: DEBUG: simulate_1 (datamaker.R) _input: ``[]``
2017-01-30 14:58:26,706: DEBUG: simulate_1 (datamaker.R) _input: ``[]``
2017-01-30 14:58:26,709: DEBUG: simulate_1 (datamaker.R) _input: ``[]``
2017-01-30 14:58:26,711: DEBUG: simulate_1 (datamaker.R) _input: ``[]``
2017-01-30 14:58:26,713: DEBUG: simulate_1 (datamaker.R) _input: ``[]``
2017-01-30 14:58:26,717: DEBUG: simulate_1 (datamaker.R) _input: ``[]``
2017-01-30 14:58:26,731: DEBUG: Script for step simulate_1 is saved to /Users/weiwang/HG/dsc2/vignettes/ash/.sos/simulate_1_4.R
2017-01-30 14:58:26,732: DEBUG: Script for step simulate_1 is saved to /Users/weiwang/HG/dsc2/vignettes/ash/.sos/simulate_1_5.R
2017-01-30 14:58:26,732: DEBUG: Script for step simulate_1 is saved to /Users/weiwang/HG/dsc2/vignettes/ash/.sos/simulate_1_3.R
2017-01-30 14:58:26,734: DEBUG: simulate_1 (datamaker.R) _input: ``[]``
2017-01-30 14:58:26,737: DEBUG: simulate_1 (datamaker.R) _input: ``[]``
2017-01-30 14:58:26,751: DEBUG: Script for step simulate_1 is saved to /Users/weiwang/HG/dsc2/vignettes/ash/.sos/simulate_1_7.R
2017-01-30 14:58:26,751: DEBUG: Script for step simulate_1 is saved to /Users/weiwang/HG/dsc2/vignettes/ash/.sos/simulate_1_6.R
2017-01-30 14:58:28,903: DEBUG: Script for step simulate_1 is saved to /Users/weiwang/HG/dsc2/vignettes/ash/.sos/simulate_1_8.R
2017-01-30 14:58:28,907: DEBUG: Script for step simulate_1 is saved to /Users/weiwang/HG/dsc2/vignettes/ash/.sos/simulate_1_9.R
2017-01-30 14:58:28,912: DEBUG: Script for step simulate_1 is saved to /Users/weiwang/HG/dsc2/vignettes/ash/.sos/simulate_1_10.R
2017-01-30 14:58:28,933: DEBUG: Script for step simulate_1 is saved to /Users/weiwang/HG/dsc2/vignettes/ash/.sos/simulate_1_11.R
2017-01-30 14:58:28,953: DEBUG: Script for step simulate_1 is saved to /Users/weiwang/HG/dsc2/vignettes/ash/.sos/simulate_1_12.R
2017-01-30 14:58:28,967: DEBUG: Script for step simulate_1 is saved to /Users/weiwang/HG/dsc2/vignettes/ash/.sos/simulate_1_13.R
2017-01-30 14:58:29,017: DEBUG: Script for step simulate_1 is saved to /Users/weiwang/HG/dsc2/vignettes/ash/.sos/simulate_1_14.R
2017-01-30 14:58:30,999: INFO: simulate_1 (datamaker.R) output:   ``['dsc_result/datamaker.R_1.rds', ...] (15 items)``
2017-01-30 14:58:31,073: DEBUG: Object CONFIG with value {'1':'{\'beta_score_1\':\'{\\\'input\\\':"[\\\'dsc_result/datamaker.R_1.rds\\\', ...] (60 items)", ...} (2 items)\', ...} (3 items)', ...} (2 items) is not passed because it is not pickleable
2017-01-30 14:58:31,083: INFO: Executing ``shrink_1 (runash.R)``: 
2017-01-30 14:58:31,092: INFO: shrink_1 (runash.R) input:    ``['dsc_result/datamaker.R_1.rds', ...] (15 items)``
2017-01-30 14:58:31,092: DEBUG: shrink_1 (runash.R) _input: ``['dsc_result/datamaker.R_1.rds']``
2017-01-30 14:58:31,116: DEBUG: shrink_1 (runash.R) _input: ``['dsc_result/datamaker.R_2.rds']``
2017-01-30 14:58:31,121: DEBUG: shrink_1 (runash.R) _input: ``['dsc_result/datamaker.R_3.rds']``
2017-01-30 14:58:31,123: DEBUG: shrink_1 (runash.R) _input: ``['dsc_result/datamaker.R_4.rds']``
2017-01-30 14:58:31,125: DEBUG: Script for step shrink_1 is saved to /Users/weiwang/HG/dsc2/vignettes/ash/.sos/shrink_1_0.R
2017-01-30 14:58:31,126: DEBUG: shrink_1 (runash.R) _input: ``['dsc_result/datamaker.R_5.rds']``
2017-01-30 14:58:31,129: DEBUG: shrink_1 (runash.R) _input: ``['dsc_result/datamaker.R_6.rds']``
2017-01-30 14:58:31,133: DEBUG: shrink_1 (runash.R) _input: ``['dsc_result/datamaker.R_7.rds']``
2017-01-30 14:58:31,136: DEBUG: shrink_1 (runash.R) _input: ``['dsc_result/datamaker.R_8.rds']``
2017-01-30 14:58:31,138: DEBUG: shrink_1 (runash.R) _input: ``['dsc_result/datamaker.R_9.rds']``
2017-01-30 14:58:31,142: DEBUG: shrink_1 (runash.R) _input: ``['dsc_result/datamaker.R_10.rds']``
2017-01-30 14:58:31,144: DEBUG: shrink_1 (runash.R) _input: ``['dsc_result/datamaker.R_11.rds']``
2017-01-30 14:58:31,147: DEBUG: shrink_1 (runash.R) _input: ``['dsc_result/datamaker.R_12.rds']``
2017-01-30 14:58:31,149: DEBUG: shrink_1 (runash.R) _input: ``['dsc_result/datamaker.R_13.rds']``
2017-01-30 14:58:31,152: DEBUG: shrink_1 (runash.R) _input: ``['dsc_result/datamaker.R_14.rds']``
2017-01-30 14:58:31,155: DEBUG: shrink_1 (runash.R) _input: ``['dsc_result/datamaker.R_15.rds']``
2017-01-30 14:58:31,157: DEBUG: shrink_1 (runash.R) _input: ``['dsc_result/datamaker.R_1.rds']``
2017-01-30 14:58:31,157: DEBUG: Script for step shrink_1 is saved to /Users/weiwang/HG/dsc2/vignettes/ash/.sos/shrink_1_6.R
2017-01-30 14:58:31,158: DEBUG: Script for step shrink_1 is saved to /Users/weiwang/HG/dsc2/vignettes/ash/.sos/shrink_1_1.R
2017-01-30 14:58:31,159: DEBUG: Script for step shrink_1 is saved to /Users/weiwang/HG/dsc2/vignettes/ash/.sos/shrink_1_2.R
2017-01-30 14:58:31,159: DEBUG: Script for step shrink_1 is saved to /Users/weiwang/HG/dsc2/vignettes/ash/.sos/shrink_1_5.R
2017-01-30 14:58:31,160: DEBUG: Script for step shrink_1 is saved to /Users/weiwang/HG/dsc2/vignettes/ash/.sos/shrink_1_3.R
2017-01-30 14:58:31,160: DEBUG: Script for step shrink_1 is saved to /Users/weiwang/HG/dsc2/vignettes/ash/.sos/shrink_1_4.R
2017-01-30 14:58:31,160: DEBUG: Script for step shrink_1 is saved to /Users/weiwang/HG/dsc2/vignettes/ash/.sos/shrink_1_7.R
2017-01-30 14:58:31,162: DEBUG: shrink_1 (runash.R) _input: ``['dsc_result/datamaker.R_2.rds']``
2017-01-30 14:58:31,166: DEBUG: shrink_1 (runash.R) _input: ``['dsc_result/datamaker.R_3.rds']``
2017-01-30 14:58:31,169: DEBUG: shrink_1 (runash.R) _input: ``['dsc_result/datamaker.R_4.rds']``
2017-01-30 14:58:31,170: DEBUG: shrink_1 (runash.R) _input: ``['dsc_result/datamaker.R_5.rds']``
2017-01-30 14:58:31,173: DEBUG: shrink_1 (runash.R) _input: ``['dsc_result/datamaker.R_6.rds']``
2017-01-30 14:58:31,175: DEBUG: shrink_1 (runash.R) _input: ``['dsc_result/datamaker.R_7.rds']``
2017-01-30 14:58:31,178: DEBUG: shrink_1 (runash.R) _input: ``['dsc_result/datamaker.R_8.rds']``
2017-01-30 14:58:31,181: DEBUG: shrink_1 (runash.R) _input: ``['dsc_result/datamaker.R_9.rds']``
2017-01-30 14:58:31,192: DEBUG: shrink_1 (runash.R) _input: ``['dsc_result/datamaker.R_10.rds']``
2017-01-30 14:58:31,195: DEBUG: shrink_1 (runash.R) _input: ``['dsc_result/datamaker.R_11.rds']``
2017-01-30 14:58:31,197: DEBUG: shrink_1 (runash.R) _input: ``['dsc_result/datamaker.R_12.rds']``
2017-01-30 14:58:31,202: DEBUG: shrink_1 (runash.R) _input: ``['dsc_result/datamaker.R_13.rds']``
2017-01-30 14:58:31,205: DEBUG: shrink_1 (runash.R) _input: ``['dsc_result/datamaker.R_14.rds']``
2017-01-30 14:58:31,209: DEBUG: shrink_1 (runash.R) _input: ``['dsc_result/datamaker.R_15.rds']``
2017-01-30 14:58:37,659: DEBUG: Script for step shrink_1 is saved to /Users/weiwang/HG/dsc2/vignettes/ash/.sos/shrink_1_8.R
2017-01-30 14:58:37,841: DEBUG: Script for step shrink_1 is saved to /Users/weiwang/HG/dsc2/vignettes/ash/.sos/shrink_1_9.R
2017-01-30 14:58:37,861: DEBUG: Script for step shrink_1 is saved to /Users/weiwang/HG/dsc2/vignettes/ash/.sos/shrink_1_10.R
2017-01-30 14:58:37,956: DEBUG: Script for step shrink_1 is saved to /Users/weiwang/HG/dsc2/vignettes/ash/.sos/shrink_1_11.R
2017-01-30 14:58:37,975: DEBUG: Script for step shrink_1 is saved to /Users/weiwang/HG/dsc2/vignettes/ash/.sos/shrink_1_12.R
2017-01-30 14:58:38,296: DEBUG: Script for step shrink_1 is saved to /Users/weiwang/HG/dsc2/vignettes/ash/.sos/shrink_1_13.R
2017-01-30 14:58:38,941: DEBUG: Script for step shrink_1 is saved to /Users/weiwang/HG/dsc2/vignettes/ash/.sos/shrink_1_14.R
2017-01-30 14:58:40,842: DEBUG: Script for step shrink_1 is saved to /Users/weiwang/HG/dsc2/vignettes/ash/.sos/shrink_1_15.R
2017-01-30 14:58:43,626: DEBUG: Script for step shrink_1 is saved to /Users/weiwang/HG/dsc2/vignettes/ash/.sos/shrink_1_16.R
2017-01-30 14:58:43,731: DEBUG: Script for step shrink_1 is saved to /Users/weiwang/HG/dsc2/vignettes/ash/.sos/shrink_1_17.R
2017-01-30 14:58:44,059: DEBUG: Script for step shrink_1 is saved to /Users/weiwang/HG/dsc2/vignettes/ash/.sos/shrink_1_18.R
2017-01-30 14:58:44,133: DEBUG: Script for step shrink_1 is saved to /Users/weiwang/HG/dsc2/vignettes/ash/.sos/shrink_1_19.R
2017-01-30 14:58:44,769: DEBUG: Script for step shrink_1 is saved to /Users/weiwang/HG/dsc2/vignettes/ash/.sos/shrink_1_20.R
2017-01-30 14:58:44,781: DEBUG: Script for step shrink_1 is saved to /Users/weiwang/HG/dsc2/vignettes/ash/.sos/shrink_1_21.R
2017-01-30 14:58:51,579: DEBUG: Script for step shrink_1 is saved to /Users/weiwang/HG/dsc2/vignettes/ash/.sos/shrink_1_22.R
2017-01-30 14:58:52,574: DEBUG: Script for step shrink_1 is saved to /Users/weiwang/HG/dsc2/vignettes/ash/.sos/shrink_1_23.R
2017-01-30 14:58:52,586: DEBUG: Script for step shrink_1 is saved to /Users/weiwang/HG/dsc2/vignettes/ash/.sos/shrink_1_24.R
2017-01-30 14:58:53,204: DEBUG: Script for step shrink_1 is saved to /Users/weiwang/HG/dsc2/vignettes/ash/.sos/shrink_1_25.R
2017-01-30 14:58:53,777: DEBUG: Script for step shrink_1 is saved to /Users/weiwang/HG/dsc2/vignettes/ash/.sos/shrink_1_26.R
2017-01-30 14:58:53,818: DEBUG: Script for step shrink_1 is saved to /Users/weiwang/HG/dsc2/vignettes/ash/.sos/shrink_1_27.R
2017-01-30 14:58:54,849: DEBUG: Script for step shrink_1 is saved to /Users/weiwang/HG/dsc2/vignettes/ash/.sos/shrink_1_28.R
2017-01-30 14:58:56,037: DEBUG: Script for step shrink_1 is saved to /Users/weiwang/HG/dsc2/vignettes/ash/.sos/shrink_1_29.R
2017-01-30 14:59:02,523: INFO: shrink_1 (runash.R) output:   ``['dsc_result/datamaker.R_1_runash.R_1.rds', ...] (30 items)``
2017-01-30 14:59:02,624: DEBUG: Object CONFIG with value {'1':'{\'beta_score_1\':\'{\\\'input\\\':"[\\\'dsc_result/datamaker.R_1.rds\\\', ...] (60 items)", ...} (2 items)\', ...} (3 items)', ...} (2 items) is not passed because it is not pickleable
2017-01-30 14:59:02,642: INFO: Executing ``beta_score_1 (score_beta)``: 
2017-01-30 14:59:02,652: INFO: beta_score_1 (score_beta) input:    ``['dsc_result/datamaker.R_1.rds', ...] (60 items)``
2017-01-30 14:59:02,652: DEBUG: beta_score_1 (score_beta) _input: ``['dsc_result/datamaker.R_1.rds', 'dsc_result/datamaker.R_1_runash.R_1.rds']``
2017-01-30 14:59:02,691: DEBUG: beta_score_1 (score_beta) _input: ``['dsc_result/datamaker.R_2.rds', 'dsc_result/datamaker.R_2_runash.R_1.rds']``
2017-01-30 14:59:02,695: DEBUG: beta_score_1 (score_beta) _input: ``['dsc_result/datamaker.R_3.rds', 'dsc_result/datamaker.R_3_runash.R_1.rds']``
2017-01-30 14:59:02,698: DEBUG: beta_score_1 (score_beta) _input: ``['dsc_result/datamaker.R_4.rds', 'dsc_result/datamaker.R_4_runash.R_1.rds']``
2017-01-30 14:59:02,699: DEBUG: Script for step beta_score_1 is saved to /Users/weiwang/HG/dsc2/vignettes/ash/.sos/beta_score_1_0.R
2017-01-30 14:59:02,702: DEBUG: beta_score_1 (score_beta) _input: ``['dsc_result/datamaker.R_5.rds', 'dsc_result/datamaker.R_5_runash.R_1.rds']``
2017-01-30 14:59:02,703: DEBUG: Script for step beta_score_1 is saved to /Users/weiwang/HG/dsc2/vignettes/ash/.sos/beta_score_1_1.R
2017-01-30 14:59:02,704: DEBUG: beta_score_1 (score_beta) _input: ``['dsc_result/datamaker.R_6.rds', 'dsc_result/datamaker.R_6_runash.R_1.rds']``
2017-01-30 14:59:02,708: DEBUG: beta_score_1 (score_beta) _input: ``['dsc_result/datamaker.R_7.rds', 'dsc_result/datamaker.R_7_runash.R_1.rds']``
2017-01-30 14:59:02,708: DEBUG: Script for step beta_score_1 is saved to /Users/weiwang/HG/dsc2/vignettes/ash/.sos/beta_score_1_2.R
2017-01-30 14:59:02,711: DEBUG: beta_score_1 (score_beta) _input: ``['dsc_result/datamaker.R_8.rds', 'dsc_result/datamaker.R_8_runash.R_1.rds']``
2017-01-30 14:59:02,713: DEBUG: Script for step beta_score_1 is saved to /Users/weiwang/HG/dsc2/vignettes/ash/.sos/beta_score_1_3.R
2017-01-30 14:59:02,714: DEBUG: beta_score_1 (score_beta) _input: ``['dsc_result/datamaker.R_9.rds', 'dsc_result/datamaker.R_9_runash.R_1.rds']``
2017-01-30 14:59:02,714: DEBUG: Script for step beta_score_1 is saved to /Users/weiwang/HG/dsc2/vignettes/ash/.sos/beta_score_1_4.R
2017-01-30 14:59:02,718: DEBUG: beta_score_1 (score_beta) _input: ``['dsc_result/datamaker.R_10.rds', 'dsc_result/datamaker.R_10_runash.R_1.rds']``
2017-01-30 14:59:02,721: DEBUG: beta_score_1 (score_beta) _input: ``['dsc_result/datamaker.R_11.rds', 'dsc_result/datamaker.R_11_runash.R_1.rds']``
2017-01-30 14:59:02,724: DEBUG: beta_score_1 (score_beta) _input: ``['dsc_result/datamaker.R_12.rds', 'dsc_result/datamaker.R_12_runash.R_1.rds']``
2017-01-30 14:59:02,732: DEBUG: beta_score_1 (score_beta) _input: ``['dsc_result/datamaker.R_13.rds', 'dsc_result/datamaker.R_13_runash.R_1.rds']``
2017-01-30 14:59:02,736: DEBUG: beta_score_1 (score_beta) _input: ``['dsc_result/datamaker.R_14.rds', 'dsc_result/datamaker.R_14_runash.R_1.rds']``
2017-01-30 14:59:02,740: DEBUG: beta_score_1 (score_beta) _input: ``['dsc_result/datamaker.R_15.rds', 'dsc_result/datamaker.R_15_runash.R_1.rds']``
2017-01-30 14:59:02,744: DEBUG: Script for step beta_score_1 is saved to /Users/weiwang/HG/dsc2/vignettes/ash/.sos/beta_score_1_6.R
2017-01-30 14:59:02,745: DEBUG: beta_score_1 (score_beta) _input: ``['dsc_result/datamaker.R_1.rds', 'dsc_result/datamaker.R_1_runash.R_16.rds']``
2017-01-30 14:59:02,748: DEBUG: beta_score_1 (score_beta) _input: ``['dsc_result/datamaker.R_2.rds', 'dsc_result/datamaker.R_2_runash.R_16.rds']``
2017-01-30 14:59:02,752: DEBUG: beta_score_1 (score_beta) _input: ``['dsc_result/datamaker.R_3.rds', 'dsc_result/datamaker.R_3_runash.R_16.rds']``
2017-01-30 14:59:02,755: DEBUG: beta_score_1 (score_beta) _input: ``['dsc_result/datamaker.R_4.rds', 'dsc_result/datamaker.R_4_runash.R_16.rds']``
2017-01-30 14:59:02,758: DEBUG: beta_score_1 (score_beta) _input: ``['dsc_result/datamaker.R_5.rds', 'dsc_result/datamaker.R_5_runash.R_16.rds']``
2017-01-30 14:59:02,752: DEBUG: Script for step beta_score_1 is saved to /Users/weiwang/HG/dsc2/vignettes/ash/.sos/beta_score_1_5.R
2017-01-30 14:59:02,752: DEBUG: Script for step beta_score_1 is saved to /Users/weiwang/HG/dsc2/vignettes/ash/.sos/beta_score_1_7.R
2017-01-30 14:59:02,764: DEBUG: beta_score_1 (score_beta) _input: ``['dsc_result/datamaker.R_6.rds', 'dsc_result/datamaker.R_6_runash.R_16.rds']``
2017-01-30 14:59:02,767: DEBUG: beta_score_1 (score_beta) _input: ``['dsc_result/datamaker.R_7.rds', 'dsc_result/datamaker.R_7_runash.R_16.rds']``
2017-01-30 14:59:02,770: DEBUG: beta_score_1 (score_beta) _input: ``['dsc_result/datamaker.R_8.rds', 'dsc_result/datamaker.R_8_runash.R_16.rds']``
2017-01-30 14:59:02,773: DEBUG: beta_score_1 (score_beta) _input: ``['dsc_result/datamaker.R_9.rds', 'dsc_result/datamaker.R_9_runash.R_16.rds']``
2017-01-30 14:59:02,804: DEBUG: beta_score_1 (score_beta) _input: ``['dsc_result/datamaker.R_10.rds', 'dsc_result/datamaker.R_10_runash.R_16.rds']``
2017-01-30 14:59:02,816: DEBUG: beta_score_1 (score_beta) _input: ``['dsc_result/datamaker.R_11.rds', 'dsc_result/datamaker.R_11_runash.R_16.rds']``
2017-01-30 14:59:02,825: DEBUG: beta_score_1 (score_beta) _input: ``['dsc_result/datamaker.R_12.rds', 'dsc_result/datamaker.R_12_runash.R_16.rds']``
2017-01-30 14:59:02,837: DEBUG: beta_score_1 (score_beta) _input: ``['dsc_result/datamaker.R_13.rds', 'dsc_result/datamaker.R_13_runash.R_16.rds']``
2017-01-30 14:59:02,840: DEBUG: beta_score_1 (score_beta) _input: ``['dsc_result/datamaker.R_14.rds', 'dsc_result/datamaker.R_14_runash.R_16.rds']``
2017-01-30 14:59:02,843: DEBUG: beta_score_1 (score_beta) _input: ``['dsc_result/datamaker.R_15.rds', 'dsc_result/datamaker.R_15_runash.R_16.rds']``
2017-01-30 14:59:04,492: DEBUG: Script for step beta_score_1 is saved to /Users/weiwang/HG/dsc2/vignettes/ash/.sos/beta_score_1_8.R
2017-01-30 14:59:04,514: DEBUG: Script for step beta_score_1 is saved to /Users/weiwang/HG/dsc2/vignettes/ash/.sos/beta_score_1_9.R
2017-01-30 14:59:04,559: DEBUG: Script for step beta_score_1 is saved to /Users/weiwang/HG/dsc2/vignettes/ash/.sos/beta_score_1_10.R
2017-01-30 14:59:04,584: DEBUG: Script for step beta_score_1 is saved to /Users/weiwang/HG/dsc2/vignettes/ash/.sos/beta_score_1_11.R
2017-01-30 14:59:04,599: DEBUG: Script for step beta_score_1 is saved to /Users/weiwang/HG/dsc2/vignettes/ash/.sos/beta_score_1_12.R
2017-01-30 14:59:04,710: DEBUG: Script for step beta_score_1 is saved to /Users/weiwang/HG/dsc2/vignettes/ash/.sos/beta_score_1_13.R
2017-01-30 14:59:04,717: DEBUG: Script for step beta_score_1 is saved to /Users/weiwang/HG/dsc2/vignettes/ash/.sos/beta_score_1_14.R
2017-01-30 14:59:05,152: DEBUG: Script for step beta_score_1 is saved to /Users/weiwang/HG/dsc2/vignettes/ash/.sos/beta_score_1_15.R
2017-01-30 14:59:06,110: DEBUG: Script for step beta_score_1 is saved to /Users/weiwang/HG/dsc2/vignettes/ash/.sos/beta_score_1_16.R
2017-01-30 14:59:06,139: DEBUG: Script for step beta_score_1 is saved to /Users/weiwang/HG/dsc2/vignettes/ash/.sos/beta_score_1_17.R
2017-01-30 14:59:06,165: DEBUG: Script for step beta_score_1 is saved to /Users/weiwang/HG/dsc2/vignettes/ash/.sos/beta_score_1_18.R
2017-01-30 14:59:06,229: DEBUG: Script for step beta_score_1 is saved to /Users/weiwang/HG/dsc2/vignettes/ash/.sos/beta_score_1_19.R
2017-01-30 14:59:06,320: DEBUG: Script for step beta_score_1 is saved to /Users/weiwang/HG/dsc2/vignettes/ash/.sos/beta_score_1_20.R
2017-01-30 14:59:06,402: DEBUG: Script for step beta_score_1 is saved to /Users/weiwang/HG/dsc2/vignettes/ash/.sos/beta_score_1_21.R
2017-01-30 14:59:06,412: DEBUG: Script for step beta_score_1 is saved to /Users/weiwang/HG/dsc2/vignettes/ash/.sos/beta_score_1_22.R
2017-01-30 14:59:06,862: DEBUG: Script for step beta_score_1 is saved to /Users/weiwang/HG/dsc2/vignettes/ash/.sos/beta_score_1_23.R
2017-01-30 14:59:07,819: DEBUG: Script for step beta_score_1 is saved to /Users/weiwang/HG/dsc2/vignettes/ash/.sos/beta_score_1_24.R
2017-01-30 14:59:07,825: DEBUG: Script for step beta_score_1 is saved to /Users/weiwang/HG/dsc2/vignettes/ash/.sos/beta_score_1_25.R
2017-01-30 14:59:07,827: DEBUG: Script for step beta_score_1 is saved to /Users/weiwang/HG/dsc2/vignettes/ash/.sos/beta_score_1_26.R
2017-01-30 14:59:07,916: DEBUG: Script for step beta_score_1 is saved to /Users/weiwang/HG/dsc2/vignettes/ash/.sos/beta_score_1_27.R
2017-01-30 14:59:08,076: DEBUG: Script for step beta_score_1 is saved to /Users/weiwang/HG/dsc2/vignettes/ash/.sos/beta_score_1_28.R
2017-01-30 14:59:08,096: DEBUG: Script for step beta_score_1 is saved to /Users/weiwang/HG/dsc2/vignettes/ash/.sos/beta_score_1_29.R
2017-01-30 14:59:09,345: INFO: beta_score_1 (score_beta) output:   ``[dsc_result/datamaker.R_1_runas...beta_1.rds, ...] (30 items)``
2017-01-30 14:59:09,417: INFO: Workflow simulate:1+shrink:1+beta_score:1 (ID=320601278b141b4f) is executed successfully.
2017-01-30 14:59:09,444: INFO: Executing ``DSC_2 (DSC sequence 2)``: 
2017-01-30 14:59:09,460: DEBUG: Workflow simulate created with 1 sections: simulate_1
2017-01-30 14:59:09,461: DEBUG: Workflow shrink created with 1 sections: shrink_1
2017-01-30 14:59:09,461: DEBUG: Workflow pi0_score created with 1 sections: pi0_score_1
2017-01-30 14:59:09,461: INFO: Executing workflow ``simulate:1+shrink:1+pi0_score:1`` with input ``unspecified``
2017-01-30 14:59:09,470: DEBUG: Args output_files[_index]
 cannot be determined: name 'output_files' is not defined
2017-01-30 14:59:09,473: DEBUG: Input of step shrink_1 is set to Undertermined: name 'sequence_id' is not defined
2017-01-30 14:59:09,473: DEBUG: Args output_files[_index]
 cannot be determined: name 'output_files' is not defined
2017-01-30 14:59:09,474: DEBUG: Input of step pi0_score_1 is set to Undertermined: name 'sequence_id' is not defined
2017-01-30 14:59:09,475: DEBUG: Args output_files[_index]
 cannot be determined: name 'output_files' is not defined
2017-01-30 14:59:09,484: INFO: Executing ``simulate_1 (datamaker.R)``: 
2017-01-30 14:59:09,522: DEBUG: Script for step simulate_1 is saved to /Users/weiwang/HG/dsc2/vignettes/ash/.sos/simulate_1_0.R
2017-01-30 14:59:09,525: DEBUG: Script for step simulate_1 is saved to /Users/weiwang/HG/dsc2/vignettes/ash/.sos/simulate_1_1.R
2017-01-30 14:59:09,530: DEBUG: Script for step simulate_1 is saved to /Users/weiwang/HG/dsc2/vignettes/ash/.sos/simulate_1_2.R
2017-01-30 14:59:09,538: DEBUG: Script for step simulate_1 is saved to /Users/weiwang/HG/dsc2/vignettes/ash/.sos/simulate_1_3.R
2017-01-30 14:59:09,541: DEBUG: Script for step simulate_1 is saved to /Users/weiwang/HG/dsc2/vignettes/ash/.sos/simulate_1_5.R
2017-01-30 14:59:09,547: DEBUG: Script for step simulate_1 is saved to /Users/weiwang/HG/dsc2/vignettes/ash/.sos/simulate_1_4.R
2017-01-30 14:59:09,562: DEBUG: Script for step simulate_1 is saved to /Users/weiwang/HG/dsc2/vignettes/ash/.sos/simulate_1_6.R
2017-01-30 14:59:09,566: DEBUG: Script for step simulate_1 is saved to /Users/weiwang/HG/dsc2/vignettes/ash/.sos/simulate_1_7.R
2017-01-30 14:59:11,112: DEBUG: Script for step simulate_1 is saved to /Users/weiwang/HG/dsc2/vignettes/ash/.sos/simulate_1_8.R
2017-01-30 14:59:11,117: DEBUG: Script for step simulate_1 is saved to /Users/weiwang/HG/dsc2/vignettes/ash/.sos/simulate_1_9.R
2017-01-30 14:59:11,126: DEBUG: Script for step simulate_1 is saved to /Users/weiwang/HG/dsc2/vignettes/ash/.sos/simulate_1_10.R
2017-01-30 14:59:11,211: DEBUG: Script for step simulate_1 is saved to /Users/weiwang/HG/dsc2/vignettes/ash/.sos/simulate_1_11.R
2017-01-30 14:59:11,422: DEBUG: Script for step simulate_1 is saved to /Users/weiwang/HG/dsc2/vignettes/ash/.sos/simulate_1_12.R
2017-01-30 14:59:11,552: DEBUG: Script for step simulate_1 is saved to /Users/weiwang/HG/dsc2/vignettes/ash/.sos/simulate_1_13.R
2017-01-30 14:59:12,382: DEBUG: Script for step simulate_1 is saved to /Users/weiwang/HG/dsc2/vignettes/ash/.sos/simulate_1_14.R
2017-01-30 14:59:13,209: INFO: simulate_1 (datamaker.R) output:   ``['dsc_result/datamaker.R_1.rds', ...] (15 items)``
2017-01-30 14:59:13,280: DEBUG: Object CONFIG with value {'1':'{\'beta_score_1\':\'{\\\'input\\\':"[\\\'dsc_result/datamaker.R_1.rds\\\', ...] (60 items)", ...} (2 items)\', ...} (3 items)', ...} (2 items) is not passed because it is not pickleable
2017-01-30 14:59:13,286: INFO: Executing ``shrink_1 (runash.R)``: 
2017-01-30 14:59:13,290: INFO: shrink_1 (runash.R) input:    ``['dsc_result/datamaker.R_1.rds', ...] (15 items)``
2017-01-30 14:59:13,290: DEBUG: shrink_1 (runash.R) _input: ``['dsc_result/datamaker.R_1.rds']``
2017-01-30 14:59:13,313: DEBUG: shrink_1 (runash.R) _input: ``['dsc_result/datamaker.R_2.rds']``
2017-01-30 14:59:13,318: DEBUG: shrink_1 (runash.R) _input: ``['dsc_result/datamaker.R_3.rds']``
2017-01-30 14:59:13,320: DEBUG: shrink_1 (runash.R) _input: ``['dsc_result/datamaker.R_4.rds']``
2017-01-30 14:59:13,323: DEBUG: shrink_1 (runash.R) _input: ``['dsc_result/datamaker.R_5.rds']``
2017-01-30 14:59:13,324: DEBUG: Script for step shrink_1 is saved to /Users/weiwang/HG/dsc2/vignettes/ash/.sos/shrink_1_0.R
2017-01-30 14:59:13,325: DEBUG: shrink_1 (runash.R) _input: ``['dsc_result/datamaker.R_6.rds']``
2017-01-30 14:59:13,328: DEBUG: shrink_1 (runash.R) _input: ``['dsc_result/datamaker.R_7.rds']``
2017-01-30 14:59:13,328: DEBUG: Script for step shrink_1 is saved to /Users/weiwang/HG/dsc2/vignettes/ash/.sos/shrink_1_1.R
2017-01-30 14:59:13,330: DEBUG: Script for step shrink_1 is saved to /Users/weiwang/HG/dsc2/vignettes/ash/.sos/shrink_1_2.R
2017-01-30 14:59:13,332: DEBUG: shrink_1 (runash.R) _input: ``['dsc_result/datamaker.R_8.rds']``
2017-01-30 14:59:13,334: DEBUG: shrink_1 (runash.R) _input: ``['dsc_result/datamaker.R_9.rds']``
2017-01-30 14:59:13,336: DEBUG: shrink_1 (runash.R) _input: ``['dsc_result/datamaker.R_10.rds']``
2017-01-30 14:59:13,338: DEBUG: Script for step shrink_1 is saved to /Users/weiwang/HG/dsc2/vignettes/ash/.sos/shrink_1_3.R
2017-01-30 14:59:13,339: DEBUG: shrink_1 (runash.R) _input: ``['dsc_result/datamaker.R_11.rds']``
2017-01-30 14:59:13,340: DEBUG: Script for step shrink_1 is saved to /Users/weiwang/HG/dsc2/vignettes/ash/.sos/shrink_1_4.R
2017-01-30 14:59:13,343: DEBUG: shrink_1 (runash.R) _input: ``['dsc_result/datamaker.R_12.rds']``
2017-01-30 14:59:13,346: DEBUG: shrink_1 (runash.R) _input: ``['dsc_result/datamaker.R_13.rds']``
2017-01-30 14:59:13,349: DEBUG: shrink_1 (runash.R) _input: ``['dsc_result/datamaker.R_14.rds']``
2017-01-30 14:59:13,349: DEBUG: Script for step shrink_1 is saved to /Users/weiwang/HG/dsc2/vignettes/ash/.sos/shrink_1_5.R
2017-01-30 14:59:13,353: DEBUG: shrink_1 (runash.R) _input: ``['dsc_result/datamaker.R_15.rds']``
2017-01-30 14:59:13,353: DEBUG: Script for step shrink_1 is saved to /Users/weiwang/HG/dsc2/vignettes/ash/.sos/shrink_1_6.R
2017-01-30 14:59:13,358: DEBUG: shrink_1 (runash.R) _input: ``['dsc_result/datamaker.R_1.rds']``
2017-01-30 14:59:13,361: DEBUG: shrink_1 (runash.R) _input: ``['dsc_result/datamaker.R_2.rds']``
2017-01-30 14:59:13,364: DEBUG: shrink_1 (runash.R) _input: ``['dsc_result/datamaker.R_3.rds']``
2017-01-30 14:59:13,365: DEBUG: Script for step shrink_1 is saved to /Users/weiwang/HG/dsc2/vignettes/ash/.sos/shrink_1_7.R
2017-01-30 14:59:13,367: DEBUG: shrink_1 (runash.R) _input: ``['dsc_result/datamaker.R_4.rds']``
2017-01-30 14:59:13,369: DEBUG: shrink_1 (runash.R) _input: ``['dsc_result/datamaker.R_5.rds']``
2017-01-30 14:59:13,435: DEBUG: shrink_1 (runash.R) _input: ``['dsc_result/datamaker.R_6.rds']``
2017-01-30 14:59:13,437: DEBUG: shrink_1 (runash.R) _input: ``['dsc_result/datamaker.R_7.rds']``
2017-01-30 14:59:13,441: DEBUG: shrink_1 (runash.R) _input: ``['dsc_result/datamaker.R_8.rds']``
2017-01-30 14:59:13,453: DEBUG: shrink_1 (runash.R) _input: ``['dsc_result/datamaker.R_9.rds']``
2017-01-30 14:59:13,460: DEBUG: shrink_1 (runash.R) _input: ``['dsc_result/datamaker.R_10.rds']``
2017-01-30 14:59:13,464: DEBUG: shrink_1 (runash.R) _input: ``['dsc_result/datamaker.R_11.rds']``
2017-01-30 14:59:13,474: DEBUG: shrink_1 (runash.R) _input: ``['dsc_result/datamaker.R_12.rds']``
2017-01-30 14:59:13,518: DEBUG: shrink_1 (runash.R) _input: ``['dsc_result/datamaker.R_13.rds']``
2017-01-30 14:59:13,520: DEBUG: shrink_1 (runash.R) _input: ``['dsc_result/datamaker.R_14.rds']``
2017-01-30 14:59:13,525: DEBUG: shrink_1 (runash.R) _input: ``['dsc_result/datamaker.R_15.rds']``
2017-01-30 14:59:19,658: DEBUG: Script for step shrink_1 is saved to /Users/weiwang/HG/dsc2/vignettes/ash/.sos/shrink_1_8.R
2017-01-30 14:59:19,769: DEBUG: Script for step shrink_1 is saved to /Users/weiwang/HG/dsc2/vignettes/ash/.sos/shrink_1_9.R
2017-01-30 14:59:19,914: DEBUG: Script for step shrink_1 is saved to /Users/weiwang/HG/dsc2/vignettes/ash/.sos/shrink_1_10.R
2017-01-30 14:59:19,953: DEBUG: Script for step shrink_1 is saved to /Users/weiwang/HG/dsc2/vignettes/ash/.sos/shrink_1_11.R
2017-01-30 14:59:20,006: DEBUG: Script for step shrink_1 is saved to /Users/weiwang/HG/dsc2/vignettes/ash/.sos/shrink_1_12.R
2017-01-30 14:59:20,026: DEBUG: Script for step shrink_1 is saved to /Users/weiwang/HG/dsc2/vignettes/ash/.sos/shrink_1_13.R
2017-01-30 14:59:20,174: DEBUG: Script for step shrink_1 is saved to /Users/weiwang/HG/dsc2/vignettes/ash/.sos/shrink_1_14.R
2017-01-30 14:59:22,765: DEBUG: Script for step shrink_1 is saved to /Users/weiwang/HG/dsc2/vignettes/ash/.sos/shrink_1_15.R
2017-01-30 14:59:25,881: DEBUG: Script for step shrink_1 is saved to /Users/weiwang/HG/dsc2/vignettes/ash/.sos/shrink_1_16.R
2017-01-30 14:59:25,923: DEBUG: Script for step shrink_1 is saved to /Users/weiwang/HG/dsc2/vignettes/ash/.sos/shrink_1_17.R
2017-01-30 14:59:26,016: DEBUG: Script for step shrink_1 is saved to /Users/weiwang/HG/dsc2/vignettes/ash/.sos/shrink_1_18.R
2017-01-30 14:59:26,196: DEBUG: Script for step shrink_1 is saved to /Users/weiwang/HG/dsc2/vignettes/ash/.sos/shrink_1_19.R
2017-01-30 14:59:27,011: DEBUG: Script for step shrink_1 is saved to /Users/weiwang/HG/dsc2/vignettes/ash/.sos/shrink_1_20.R
2017-01-30 14:59:27,823: DEBUG: Script for step shrink_1 is saved to /Users/weiwang/HG/dsc2/vignettes/ash/.sos/shrink_1_21.R
2017-01-30 14:59:34,087: DEBUG: Script for step shrink_1 is saved to /Users/weiwang/HG/dsc2/vignettes/ash/.sos/shrink_1_22.R
2017-01-30 14:59:34,978: DEBUG: Script for step shrink_1 is saved to /Users/weiwang/HG/dsc2/vignettes/ash/.sos/shrink_1_23.R
2017-01-30 14:59:35,195: DEBUG: Script for step shrink_1 is saved to /Users/weiwang/HG/dsc2/vignettes/ash/.sos/shrink_1_24.R
2017-01-30 14:59:35,460: DEBUG: Script for step shrink_1 is saved to /Users/weiwang/HG/dsc2/vignettes/ash/.sos/shrink_1_25.R
2017-01-30 14:59:36,017: DEBUG: Script for step shrink_1 is saved to /Users/weiwang/HG/dsc2/vignettes/ash/.sos/shrink_1_26.R
2017-01-30 14:59:37,068: DEBUG: Script for step shrink_1 is saved to /Users/weiwang/HG/dsc2/vignettes/ash/.sos/shrink_1_27.R
2017-01-30 14:59:37,354: DEBUG: Script for step shrink_1 is saved to /Users/weiwang/HG/dsc2/vignettes/ash/.sos/shrink_1_28.R
2017-01-30 14:59:38,398: DEBUG: Script for step shrink_1 is saved to /Users/weiwang/HG/dsc2/vignettes/ash/.sos/shrink_1_29.R
2017-01-30 14:59:45,285: INFO: shrink_1 (runash.R) output:   ``['dsc_result/datamaker.R_1_runash.R_1.rds', ...] (30 items)``
2017-01-30 14:59:45,317: DEBUG: Object CONFIG with value {'1':'{\'beta_score_1\':\'{\\\'input\\\':"[\\\'dsc_result/datamaker.R_1.rds\\\', ...] (60 items)", ...} (2 items)\', ...} (3 items)', ...} (2 items) is not passed because it is not pickleable
2017-01-30 14:59:45,333: INFO: Executing ``pi0_score_1 (score_pi0)``: 
2017-01-30 14:59:45,337: INFO: pi0_score_1 (score_pi0) input:    ``['dsc_result/datamaker.R_1.rds', ...] (60 items)``
2017-01-30 14:59:45,337: DEBUG: pi0_score_1 (score_pi0) _input: ``['dsc_result/datamaker.R_1.rds', 'dsc_result/datamaker.R_1_runash.R_1.rds']``
2017-01-30 14:59:45,392: DEBUG: pi0_score_1 (score_pi0) _input: ``['dsc_result/datamaker.R_2.rds', 'dsc_result/datamaker.R_2_runash.R_1.rds']``
2017-01-30 14:59:45,398: DEBUG: pi0_score_1 (score_pi0) _input: ``['dsc_result/datamaker.R_3.rds', 'dsc_result/datamaker.R_3_runash.R_1.rds']``
2017-01-30 14:59:45,403: DEBUG: pi0_score_1 (score_pi0) _input: ``['dsc_result/datamaker.R_4.rds', 'dsc_result/datamaker.R_4_runash.R_1.rds']``
2017-01-30 14:59:45,407: DEBUG: Script for step pi0_score_1 is saved to /Users/weiwang/HG/dsc2/vignettes/ash/.sos/pi0_score_1_0.R
2017-01-30 14:59:45,409: DEBUG: pi0_score_1 (score_pi0) _input: ``['dsc_result/datamaker.R_5.rds', 'dsc_result/datamaker.R_5_runash.R_1.rds']``
2017-01-30 14:59:45,416: DEBUG: Script for step pi0_score_1 is saved to /Users/weiwang/HG/dsc2/vignettes/ash/.sos/pi0_score_1_1.R
2017-01-30 14:59:45,417: DEBUG: pi0_score_1 (score_pi0) _input: ``['dsc_result/datamaker.R_6.rds', 'dsc_result/datamaker.R_6_runash.R_1.rds']``
2017-01-30 14:59:45,421: DEBUG: pi0_score_1 (score_pi0) _input: ``['dsc_result/datamaker.R_7.rds', 'dsc_result/datamaker.R_7_runash.R_1.rds']``
2017-01-30 14:59:45,423: DEBUG: pi0_score_1 (score_pi0) _input: ``['dsc_result/datamaker.R_8.rds', 'dsc_result/datamaker.R_8_runash.R_1.rds']``
2017-01-30 14:59:45,425: DEBUG: Script for step pi0_score_1 is saved to /Users/weiwang/HG/dsc2/vignettes/ash/.sos/pi0_score_1_3.R
2017-01-30 14:59:45,426: DEBUG: pi0_score_1 (score_pi0) _input: ``['dsc_result/datamaker.R_9.rds', 'dsc_result/datamaker.R_9_runash.R_1.rds']``
2017-01-30 14:59:45,428: DEBUG: Script for step pi0_score_1 is saved to /Users/weiwang/HG/dsc2/vignettes/ash/.sos/pi0_score_1_2.R
2017-01-30 14:59:45,428: DEBUG: Script for step pi0_score_1 is saved to /Users/weiwang/HG/dsc2/vignettes/ash/.sos/pi0_score_1_4.R
2017-01-30 14:59:45,432: DEBUG: pi0_score_1 (score_pi0) _input: ``['dsc_result/datamaker.R_10.rds', 'dsc_result/datamaker.R_10_runash.R_1.rds']``
2017-01-30 14:59:45,437: DEBUG: pi0_score_1 (score_pi0) _input: ``['dsc_result/datamaker.R_11.rds', 'dsc_result/datamaker.R_11_runash.R_1.rds']``
2017-01-30 14:59:45,440: DEBUG: pi0_score_1 (score_pi0) _input: ``['dsc_result/datamaker.R_12.rds', 'dsc_result/datamaker.R_12_runash.R_1.rds']``
2017-01-30 14:59:45,444: DEBUG: pi0_score_1 (score_pi0) _input: ``['dsc_result/datamaker.R_13.rds', 'dsc_result/datamaker.R_13_runash.R_1.rds']``
2017-01-30 14:59:45,447: DEBUG: pi0_score_1 (score_pi0) _input: ``['dsc_result/datamaker.R_14.rds', 'dsc_result/datamaker.R_14_runash.R_1.rds']``
2017-01-30 14:59:45,451: DEBUG: pi0_score_1 (score_pi0) _input: ``['dsc_result/datamaker.R_15.rds', 'dsc_result/datamaker.R_15_runash.R_1.rds']``
2017-01-30 14:59:45,454: DEBUG: pi0_score_1 (score_pi0) _input: ``['dsc_result/datamaker.R_1.rds', 'dsc_result/datamaker.R_1_runash.R_16.rds']``
2017-01-30 14:59:45,460: DEBUG: pi0_score_1 (score_pi0) _input: ``['dsc_result/datamaker.R_2.rds', 'dsc_result/datamaker.R_2_runash.R_16.rds']``
2017-01-30 14:59:45,463: DEBUG: pi0_score_1 (score_pi0) _input: ``['dsc_result/datamaker.R_3.rds', 'dsc_result/datamaker.R_3_runash.R_16.rds']``
2017-01-30 14:59:45,465: DEBUG: pi0_score_1 (score_pi0) _input: ``['dsc_result/datamaker.R_4.rds', 'dsc_result/datamaker.R_4_runash.R_16.rds']``
2017-01-30 14:59:45,468: DEBUG: pi0_score_1 (score_pi0) _input: ``['dsc_result/datamaker.R_5.rds', 'dsc_result/datamaker.R_5_runash.R_16.rds']``
2017-01-30 14:59:45,478: DEBUG: pi0_score_1 (score_pi0) _input: ``['dsc_result/datamaker.R_6.rds', 'dsc_result/datamaker.R_6_runash.R_16.rds']``
2017-01-30 14:59:45,481: DEBUG: pi0_score_1 (score_pi0) _input: ``['dsc_result/datamaker.R_7.rds', 'dsc_result/datamaker.R_7_runash.R_16.rds']``
2017-01-30 14:59:45,499: DEBUG: pi0_score_1 (score_pi0) _input: ``['dsc_result/datamaker.R_8.rds', 'dsc_result/datamaker.R_8_runash.R_16.rds']``
2017-01-30 14:59:45,502: DEBUG: pi0_score_1 (score_pi0) _input: ``['dsc_result/datamaker.R_9.rds', 'dsc_result/datamaker.R_9_runash.R_16.rds']``
2017-01-30 14:59:45,505: DEBUG: pi0_score_1 (score_pi0) _input: ``['dsc_result/datamaker.R_10.rds', 'dsc_result/datamaker.R_10_runash.R_16.rds']``
2017-01-30 14:59:45,507: DEBUG: pi0_score_1 (score_pi0) _input: ``['dsc_result/datamaker.R_11.rds', 'dsc_result/datamaker.R_11_runash.R_16.rds']``
2017-01-30 14:59:45,511: DEBUG: Script for step pi0_score_1 is saved to /Users/weiwang/HG/dsc2/vignettes/ash/.sos/pi0_score_1_5.R
2017-01-30 14:59:45,514: DEBUG: Script for step pi0_score_1 is saved to /Users/weiwang/HG/dsc2/vignettes/ash/.sos/pi0_score_1_7.R
2017-01-30 14:59:45,525: DEBUG: Script for step pi0_score_1 is saved to /Users/weiwang/HG/dsc2/vignettes/ash/.sos/pi0_score_1_6.R
2017-01-30 14:59:45,592: DEBUG: pi0_score_1 (score_pi0) _input: ``['dsc_result/datamaker.R_12.rds', 'dsc_result/datamaker.R_12_runash.R_16.rds']``
2017-01-30 14:59:45,606: DEBUG: pi0_score_1 (score_pi0) _input: ``['dsc_result/datamaker.R_13.rds', 'dsc_result/datamaker.R_13_runash.R_16.rds']``
2017-01-30 14:59:45,619: DEBUG: pi0_score_1 (score_pi0) _input: ``['dsc_result/datamaker.R_14.rds', 'dsc_result/datamaker.R_14_runash.R_16.rds']``
2017-01-30 14:59:45,622: DEBUG: pi0_score_1 (score_pi0) _input: ``['dsc_result/datamaker.R_15.rds', 'dsc_result/datamaker.R_15_runash.R_16.rds']``
2017-01-30 14:59:47,204: DEBUG: Script for step pi0_score_1 is saved to /Users/weiwang/HG/dsc2/vignettes/ash/.sos/pi0_score_1_8.R
2017-01-30 14:59:47,241: DEBUG: Script for step pi0_score_1 is saved to /Users/weiwang/HG/dsc2/vignettes/ash/.sos/pi0_score_1_9.R
2017-01-30 14:59:47,250: DEBUG: Script for step pi0_score_1 is saved to /Users/weiwang/HG/dsc2/vignettes/ash/.sos/pi0_score_1_10.R
2017-01-30 14:59:47,251: DEBUG: Script for step pi0_score_1 is saved to /Users/weiwang/HG/dsc2/vignettes/ash/.sos/pi0_score_1_11.R
2017-01-30 14:59:47,286: DEBUG: Script for step pi0_score_1 is saved to /Users/weiwang/HG/dsc2/vignettes/ash/.sos/pi0_score_1_12.R
2017-01-30 14:59:47,436: DEBUG: Script for step pi0_score_1 is saved to /Users/weiwang/HG/dsc2/vignettes/ash/.sos/pi0_score_1_13.R
2017-01-30 14:59:47,458: DEBUG: Script for step pi0_score_1 is saved to /Users/weiwang/HG/dsc2/vignettes/ash/.sos/pi0_score_1_14.R
2017-01-30 14:59:47,766: DEBUG: Script for step pi0_score_1 is saved to /Users/weiwang/HG/dsc2/vignettes/ash/.sos/pi0_score_1_15.R
2017-01-30 14:59:48,807: DEBUG: Script for step pi0_score_1 is saved to /Users/weiwang/HG/dsc2/vignettes/ash/.sos/pi0_score_1_16.R
2017-01-30 14:59:48,819: DEBUG: Script for step pi0_score_1 is saved to /Users/weiwang/HG/dsc2/vignettes/ash/.sos/pi0_score_1_17.R
2017-01-30 14:59:48,837: DEBUG: Script for step pi0_score_1 is saved to /Users/weiwang/HG/dsc2/vignettes/ash/.sos/pi0_score_1_18.R
2017-01-30 14:59:48,966: DEBUG: Script for step pi0_score_1 is saved to /Users/weiwang/HG/dsc2/vignettes/ash/.sos/pi0_score_1_19.R
2017-01-30 14:59:49,028: DEBUG: Script for step pi0_score_1 is saved to /Users/weiwang/HG/dsc2/vignettes/ash/.sos/pi0_score_1_20.R
2017-01-30 14:59:49,041: DEBUG: Script for step pi0_score_1 is saved to /Users/weiwang/HG/dsc2/vignettes/ash/.sos/pi0_score_1_21.R
2017-01-30 14:59:49,358: DEBUG: Script for step pi0_score_1 is saved to /Users/weiwang/HG/dsc2/vignettes/ash/.sos/pi0_score_1_22.R
2017-01-30 14:59:50,341: DEBUG: Script for step pi0_score_1 is saved to /Users/weiwang/HG/dsc2/vignettes/ash/.sos/pi0_score_1_23.R
2017-01-30 14:59:50,447: DEBUG: Script for step pi0_score_1 is saved to /Users/weiwang/HG/dsc2/vignettes/ash/.sos/pi0_score_1_24.R
2017-01-30 14:59:50,457: DEBUG: Script for step pi0_score_1 is saved to /Users/weiwang/HG/dsc2/vignettes/ash/.sos/pi0_score_1_25.R
2017-01-30 14:59:50,545: DEBUG: Script for step pi0_score_1 is saved to /Users/weiwang/HG/dsc2/vignettes/ash/.sos/pi0_score_1_26.R
2017-01-30 14:59:50,673: DEBUG: Script for step pi0_score_1 is saved to /Users/weiwang/HG/dsc2/vignettes/ash/.sos/pi0_score_1_27.R
2017-01-30 14:59:50,706: DEBUG: Script for step pi0_score_1 is saved to /Users/weiwang/HG/dsc2/vignettes/ash/.sos/pi0_score_1_28.R
2017-01-30 14:59:50,725: DEBUG: Script for step pi0_score_1 is saved to /Users/weiwang/HG/dsc2/vignettes/ash/.sos/pi0_score_1_29.R
2017-01-30 14:59:52,162: INFO: pi0_score_1 (score_pi0) output:   ``[dsc_result/datamaker.R_1_runas..._pi0_1.rds, ...] (30 items)``
2017-01-30 14:59:52,200: INFO: Workflow simulate:1+shrink:1+pi0_score:1 (ID=f2dbb4de401214fd) is executed successfully.
2017-01-30 14:59:52,225: INFO: Workflow DSC (ID=47f1673c3342bf90) is executed successfully.
2017-01-30 14:59:52,227: INFO: Building output database ``dsc_result.rds`` ...
2017-01-30 14:59:52,413: INFO: DSC complete!
2017-01-30 14:59:52,414: INFO: Elapsed time ``90.421`` seconds.
